[1683123683.875607] [c0710a-s26:35279:0]           flush.c:57   UCX  ERROR req 0x1087040: error during flush: Connection reset by remote peer
[1683123683.875624] [c0710a-s26:35279:0]           flush.c:57   UCX  ERROR req 0x1087040: error during flush: Connection reset by remote peer
Running problem size 30^3 per domain until completion
Num processors: 27
Num threads: 1
Total number of elements: 729000 

To run other sizes, use -s <integer>.
To run a fixed number of iterations, use -i <integer>.
To run a more or less balanced region set, use -b <integer>.
To change the relative costs of regions, use -c <integer>.
To print out progress, use -p
To write an output file for VisIt, use -v
See help (-h) for more options

Run completed:
   Problem size        =  30
   MPI tasks           =  27
   Iteration count     =  3145
   Final Origin Energy =  1.482403e+06
   Testing Plane 0 of Energy Array on rank 0:
        MaxAbsDiff   = 8.731149e-10
        TotalAbsDiff = 1.192097e-08
        MaxRelDiff   = 3.735016e-14

Elapsed time         =         71 (s)
Grind time (us/z/c)  = 0.83871605 (per dom)  ( 71.219574 overall)
FOM                  =  32192.063 (z/s)

