The system is: Linux - 3.10.0-1160.88.1.el7.x86_64 - x86_64
Compiling the CXX compiler identification source file "CMakeCXXCompilerId.cpp" succeeded.
Compiler: /apps/compilers/intel/2020/0.166/compilers_and_libraries/linux/bin/intel64/icc 
Build flags: -pg
Id flags:  

The output was:
0


Compilation of the CXX compiler identification source "CMakeCXXCompilerId.cpp" produced "a.out"

The CXX compiler identification is Intel, found in "/home/brianlien/Project/LULESH-MPI/build/CMakeFiles/3.21.3/CompilerIdCXX/a.out"

Detecting CXX compiler ABI info compiled with the following output:
Change Dir: /home/brianlien/Project/LULESH-MPI/build/CMakeFiles/CMakeTmp

Run Build Command(s):/usr/bin/gmake -f Makefile cmTC_b09bf/fast && /usr/bin/gmake  -f CMakeFiles/cmTC_b09bf.dir/build.make CMakeFiles/cmTC_b09bf.dir/build
gmake[1]: Entering directory `/home/brianlien/Project/LULESH-MPI/build/CMakeFiles/CMakeTmp'
Building CXX object CMakeFiles/cmTC_b09bf.dir/CMakeCXXCompilerABI.cpp.o
/apps/compilers/intel/2020/0.166/compilers_and_libraries/linux/bin/intel64/icc   -pg    -v -MD -MT CMakeFiles/cmTC_b09bf.dir/CMakeCXXCompilerABI.cpp.o -MF CMakeFiles/cmTC_b09bf.dir/CMakeCXXCompilerABI.cpp.o.d -o CMakeFiles/cmTC_b09bf.dir/CMakeCXXCompilerABI.cpp.o -c /apps/cmake/3.21.3/share/cmake-3.21/Modules/CMakeCXXCompilerABI.cpp
icc version 19.1.0.166 (gcc version 8.2.0 compatibility)
/apps/compilers/intel/2020/0.166/compilers_and_libraries_2020.0.166/linux/bin/intel64/mcpcom    --target_efi2 --lang=c++ -oCMakeFiles/cmTC_b09bf.dir/CMakeCXXCompilerABI.cpp.o -_g -mP3OPT_inline_alloca -D__ICC=1910 -D__INTEL_COMPILER=1910 -D__INTEL_COMPILER_UPDATE=0 -D__PTRDIFF_TYPE__=long "-D__SIZE_TYPE__=unsigned long" -D__WCHAR_TYPE__=int "-D__WINT_TYPE__=unsigned int" "-D__INTMAX_TYPE__=long int" "-D__UINTMAX_TYPE__=long unsigned int" -D__GLIBCXX_TYPE_INT_N_0=__int128 -D__GLIBCXX_BITSIZE_INT_N_0=128 -D__LONG_MAX__=9223372036854775807L -D__QMSPP_ -D__OPTIMIZE__ -D__NO_MATH_INLINES -D__NO_STRING_INLINES -D__GNUC_GNU_INLINE__ -D__GNUG__=8 -D__GNUC__=8 -D__GNUC_MINOR__=2 -D__GNUC_PATCHLEVEL__=0 -D__LP64__ -D_LP64 -D_GNU_SOURCE=1 -D__DEPRECATED=1 -D__GXX_WEAK__=1 -D__GXX_ABI_VERSION=1010 "-D__USER_LABEL_PREFIX__= " -D__REGISTER_PREFIX__= -D__INTEL_RTTI__ -D__EXCEPTIONS=1 -D__unix__ -D__unix -D__linux__ -D__linux -D__gnu_linux__ -B -Dunix -Dlinux "-_Asystem(unix)" -D__ELF__ -D__x86_64 -D__x86_64__ -D__amd64 -D__amd64__ "-_Acpu(x86_64)" "-_Amachine(x86_64)" -D__INTEL_COMPILER_BUILD_DATE=20191121 -D__INTEL_OFFLOAD -D__MMX__ -D__SSE__ -D__SSE_MATH__ -D__SSE2__ -D__SSE2_MATH__ -D__pentium4 -D__pentium4__ -D__tune_pentium4__ -_k -_8 -_l --has_new_stdarg_support -_a -_b --gnu_version=80200 -_W5 -p --bool -tused -x --openmp_simd --dependency_file_name CMakeFiles/cmTC_b09bf.dir/CMakeCXXCompilerABI.cpp.o.d --compile_dependencies --dependency_target_name CMakeFiles/cmTC_b09bf.dir/CMakeCXXCompilerABI.cpp.o --multibyte_chars -mGLOB_diag_suppress_sys --system_preinclude /usr/include/stdc-predef.h -I/apps/compilers/intel/2020/0.166/pstl/include -I/apps/compilers/intel/2020/0.166/mkl/include -I/apps/compilers/intel/2020/0.166/tbb/include --array_section --simd --simd_func --offload_mode=1 --offload_target_names=mic,MIC --offload_unique_string=icc0421607795MjbUVb --bool -mGLOB_em64t=TRUE -mP1OPT_version=19.1-intel64 -mGLOB_diag_file=CMakeFiles/cmTC_b09bf.dir/CMakeCXXCompilerABI.cpp.diag -mGLOB_long_size_64 -mGLOB_routine_pointer_size_64 -mP1OPT_print_version=FALSE -mCG_use_gas_got_workaround=F -mP2OPT_align_option_used=TRUE -mGLOB_gcc_version=820 "-mGLOB_options_string=-pg -v -MD -MT CMakeFiles/cmTC_b09bf.dir/CMakeCXXCompilerABI.cpp.o -MF CMakeFiles/cmTC_b09bf.dir/CMakeCXXCompilerABI.cpp.o.d -o CMakeFiles/cmTC_b09bf.dir/CMakeCXXCompilerABI.cpp.o -c" -mGLOB_cxx_limited_range=FALSE -mCG_extend_parms=FALSE -mGLOB_compiler_bin_directory=/apps/compilers/intel/2020/0.166/compilers_and_libraries_2020.0.166/linux/bin/intel64 -mGLOB_as_output_backup_file_name=/tmp/iccyefqOsas_.s -mIPOPT_activate -mIPOPT_lite -mGLOB_uarch_tuning=0x0 -mGLOB_product_id_code=0x22006d93 -mCG_bnl_movbe=T -mP3OPT_use_mspp_call_convention -mP2OPT_subs_out_of_bound=FALSE -mP2OPT_disam_type_based_disam=2 -mP2OPT_disam_assume_ansi_c -mP2OPT_checked_disam_ansi_alias=TRUE -mGLOB_ansi_alias -mP3OPT_call_mcount -mPGOPTI_value_profile_use=T -mP2OPT_il0_array_sections=TRUE -mGLOB_offload_mode=1 -mP2OPT_offload_unique_var_string=icc0421607795MjbUVb -mP2OPT_hlo_level=2 -mP2OPT_hlo -mP2OPT_hpo_rtt_control=0 -mIPOPT_args_in_regs=0 -mP2OPT_disam_assume_nonstd_intent_in=FALSE -mGLOB_imf_mapping_library=/apps/compilers/intel/2020/0.166/compilers_and_libraries_2020.0.166/linux/bin/intel64/libiml_attr.so -mPGOPTI_gen_threadsafe_level=0 -mIPOPT_lto_object_enabled -mIPOPT_lto_object_value=1 -mIPOPT_obj_output_file_name=CMakeFiles/cmTC_b09bf.dir/CMakeCXXCompilerABI.cpp.o -mIPOPT_whole_archive_fixup_file_name=/tmp/iccwarchCTQOpj -mGLOB_linker_version=2.27 -mGLOB_linker=ld -mGLOB_driver_tempfile_name=/tmp/icctempfileU2wDIJ -mP3OPT_asm_target=P3OPT_ASM_TARGET_GAS -mGLOB_async_unwind_tables=TRUE -mGLOB_obj_output_file=CMakeFiles/cmTC_b09bf.dir/CMakeCXXCompilerABI.cpp.o -mGLOB_source_dialect=GLOB_SOURCE_DIALECT_C_PLUS_PLUS -mP1OPT_source_file_name=/apps/cmake/3.21.3/share/cmake-3.21/Modules/CMakeCXXCompilerABI.cpp -mP1OPT_full_source_file_name=/apps/cmake/3.21.3/share/cmake-3.21/Modules/CMakeCXXCompilerABI.cpp -mGLOB_eh_linux /apps/cmake/3.21.3/share/cmake-3.21/Modules/CMakeCXXCompilerABI.cpp
#include "..." search starts here:
#include <...> search starts here:
 /apps/compilers/intel/2020/0.166/mkl/include
 /apps/compilers/intel/2020/0.166/tbb/include
 /apps/compilers/intel/2020/0.166/compilers_and_libraries_2020.0.166/linux/compiler/include/intel64
 /apps/compilers/intel/2020/0.166/compilers_and_libraries_2020.0.166/linux/compiler/include/icc
 /apps/compilers/intel/2020/0.166/compilers_and_libraries_2020.0.166/linux/compiler/include
 /apps/eb/software/GCCcore/8.2.0/include/c++/8.2.0
 /apps/eb/software/GCCcore/8.2.0/include/c++/8.2.0/x86_64-pc-linux-gnu
 /apps/eb/software/GCCcore/8.2.0/include/c++/8.2.0/backward
 /usr/local/include
 /apps/eb/software/GCCcore/8.2.0/lib/gcc/x86_64-pc-linux-gnu/8.2.0/include
 /apps/eb/software/GCCcore/8.2.0/lib/gcc/x86_64-pc-linux-gnu/8.2.0/include-fixed
 /apps/eb/software/GCCcore/8.2.0/include/
 /usr/include
End of search list.
Linking CXX executable cmTC_b09bf
/apps/cmake/3.21.3/bin/cmake -E cmake_link_script CMakeFiles/cmTC_b09bf.dir/link.txt --verbose=1
/apps/compilers/intel/2020/0.166/compilers_and_libraries/linux/bin/intel64/icc -pg   -v -rdynamic CMakeFiles/cmTC_b09bf.dir/CMakeCXXCompilerABI.cpp.o -o cmTC_b09bf 
icc version 19.1.0.166 (gcc version 8.2.0 compatibility)
/apps/compilers/intel/2020/0.166/compilers_and_libraries_2020.0.166/linux/bin/intel64/mcpcom    -mGLOB_em64t=TRUE -mP1OPT_version=19.1-intel64 -mGLOB_diag_file=CMakeFiles/cmTC_b09bf.dir/CMakeCXXCompilerABI.cpp.diag -mGLOB_long_size_64 -mGLOB_routine_pointer_size_64 -mP1OPT_print_version=FALSE -mCG_use_gas_got_workaround=F -mP2OPT_align_option_used=TRUE -mGLOB_gcc_version=820 "-mGLOB_options_string=-pg -v -rdynamic -o cmTC_b09bf" -mGLOB_cxx_limited_range=FALSE -mCG_extend_parms=FALSE -mGLOB_compiler_bin_directory=/apps/compilers/intel/2020/0.166/compilers_and_libraries_2020.0.166/linux/bin/intel64 -mGLOB_as_output_backup_file_name=/tmp/iccCpAkhCas_.s -mGLOB_dashboard_use_source_name -mIPOPT_activate -mGLOB_product_id_code=0x22006d93 -mP3OPT_use_mspp_call_convention -mP2OPT_subs_out_of_bound=FALSE -mP2OPT_disam_type_based_disam=2 -mP2OPT_disam_assume_ansi_c -mP2OPT_checked_disam_ansi_alias=TRUE -mGLOB_ansi_alias -mP3OPT_call_mcount -mPGOPTI_value_profile_use=T -mGLOB_opt_report_use_source_name -mP2OPT_il0_array_sections=TRUE -mGLOB_offload_mode=1 -mP2OPT_offload_unique_var_string=icc0044529050VovoLl -mP2OPT_hlo -mP2OPT_hpo_rtt_control=0 -mIPOPT_args_in_regs=0 -mP2OPT_disam_assume_nonstd_intent_in=FALSE -mGLOB_imf_mapping_library=/apps/compilers/intel/2020/0.166/compilers_and_libraries_2020.0.166/linux/bin/intel64/libiml_attr.so -mPGOPTI_gen_threadsafe_level=0 -mIPOPT_link -mIPOPT_ipo_activate -mIPOPT_mo_activate -mIPOPT_source_files_list=/tmp/iccslisWnJNgL -mIPOPT_mo_global_data -mIPOPT_link_script_file=/tmp/iccscriptGs13Lb "-mIPOPT_cmdline_link="/lib/../lib64/gcrt1.o" "/lib/../lib64/crti.o" "/apps/eb/software/GCCcore/8.2.0/lib/gcc/x86_64-pc-linux-gnu/8.2.0/crtbegin.o" "-export-dynamic" "--eh-frame-hdr" "--build-id" "-dynamic-linker" "/lib64/ld-linux-x86-64.so.2" "-m" "elf_x86_64" "-o" "cmTC_b09bf" "-L/apps/compilers/intel/2020/0.166/compilers_and_libraries/linux/lib64" "-L/apps/compilers/intel/2020/0.166/compilers_and_libraries/linux/lib/intel64" "-L/apps/compilers/intel/2020/0.166/mkl/lib/intel64" "-L/apps/compilers/intel/2020/0.166/ipp/lib/intel64" "-L/apps/compilers/intel/2020/0.166/tbb/lib/intel64/gcc4.4" "-L/apps/compilers/intel/2020/0.166/compilers_and_libraries_2020.0.166/linux/compiler/lib/intel64_lin" "-L/apps/eb/software/GCCcore/8.2.0/lib/gcc/x86_64-pc-linux-gnu/8.2.0/" "-L/apps/eb/software/GCCcore/8.2.0/lib/gcc/x86_64-pc-linux-gnu/8.2.0/../../../../lib64" "-L/apps/eb/software/GCCcore/8.2.0/lib/gcc/x86_64-pc-linux-gnu/8.2.0/../../../../lib64/" "-L/lib/../lib64" "-L/lib/../lib64/" "-L/usr/lib/../lib64" "-L/usr/lib/../lib64/" "-L/apps/compilers/intel/2020/0.166/compilers_and_libraries/linux/lib64" "-L/apps/compilers/intel/2020/0.166/compilers_and_libraries/linux/lib64/" "-L/apps/compilers/intel/2020/0.166/compilers_and_libraries/linux/lib/intel64/" "-L/apps/compilers/intel/2020/0.166/mkl/lib/intel64/" "-L/apps/eb/software/GCCcore/8.2.0/lib/gcc/x86_64-pc-linux-gnu/8.2.0/../../../" "-L/lib64" "-L/lib/" "-L/usr/lib64" "-L/usr/lib" "CMakeFiles/cmTC_b09bf.dir/CMakeCXXCompilerABI.cpp.o" "-Bdynamic" "-Bstatic" "-limf" "-lsvml" "-lirng" "-Bdynamic" "-lm" "-Bstatic" "-lipgo" "-ldecimal" "--as-needed" "-Bdynamic" "-lcilkrts" "-lstdc++" "--no-as-needed" "-lgcc" "-lgcc_s" "-Bstatic" "-lirc" "-lsvml" "-Bdynamic" "-lc" "-lgcc" "-lgcc_s" "-Bstatic" "-lirc_s" "-Bdynamic" "-ldl" "-lc" "/apps/eb/software/GCCcore/8.2.0/lib/gcc/x86_64-pc-linux-gnu/8.2.0/crtend.o" "/lib/../lib64/crtn.o"" -mIPOPT_il_in_obj -mIPOPT_ipo_activate_warn=FALSE -mIPOPT_obj_output_file_name=/tmp/ipo_iccwGihfc.o -mIPOPT_whole_archive_fixup_file_name=/tmp/iccwarchmkdmit -mGLOB_linker_version=2.27 -mGLOB_linker=ld -mGLOB_driver_tempfile_name=/tmp/icctempfileTig7NT -mP3OPT_asm_target=P3OPT_ASM_TARGET_GAS -mGLOB_async_unwind_tables=TRUE -mGLOB_obj_output_file=/tmp/ipo_iccwGihfc.o -mGLOB_source_dialect=GLOB_SOURCE_DIALECT_NONE -mP1OPT_source_file_name=ipo_out.c CMakeFiles/cmTC_b09bf.dir/CMakeCXXCompilerABI.cpp.o -mIPOPT_object_files=T -mIPOPT_assembly_files=/tmp/iccalis8t9Lf3 -mIPOPT_generated_tempfiles=/tmp/iccelisjcR1Kt -mIPOPT_embedded_object_base_name=/tmp/icceobjlHFhgU -mIPOPT_cmdline_link_new_name=/tmp/iccllisafDxLk
ld    /lib/../lib64/gcrt1.o /lib/../lib64/crti.o /apps/eb/software/GCCcore/8.2.0/lib/gcc/x86_64-pc-linux-gnu/8.2.0/crtbegin.o -export-dynamic --eh-frame-hdr --build-id -dynamic-linker /lib64/ld-linux-x86-64.so.2 -m elf_x86_64 -o cmTC_b09bf -L/apps/compilers/intel/2020/0.166/compilers_and_libraries/linux/lib64 -L/apps/compilers/intel/2020/0.166/compilers_and_libraries/linux/lib/intel64 -L/apps/compilers/intel/2020/0.166/mkl/lib/intel64 -L/apps/compilers/intel/2020/0.166/ipp/lib/intel64 -L/apps/compilers/intel/2020/0.166/tbb/lib/intel64/gcc4.4 -L/apps/compilers/intel/2020/0.166/compilers_and_libraries_2020.0.166/linux/compiler/lib/intel64_lin -L/apps/eb/software/GCCcore/8.2.0/lib/gcc/x86_64-pc-linux-gnu/8.2.0/ -L/apps/eb/software/GCCcore/8.2.0/lib/gcc/x86_64-pc-linux-gnu/8.2.0/../../../../lib64 -L/apps/eb/software/GCCcore/8.2.0/lib/gcc/x86_64-pc-linux-gnu/8.2.0/../../../../lib64/ -L/lib/../lib64 -L/lib/../lib64/ -L/usr/lib/../lib64 -L/usr/lib/../lib64/ -L/apps/compilers/intel/2020/0.166/compilers_and_libraries/linux/lib64 -L/apps/compilers/intel/2020/0.166/compilers_and_libraries/linux/lib64/ -L/apps/compilers/intel/2020/0.166/compilers_and_libraries/linux/lib/intel64/ -L/apps/compilers/intel/2020/0.166/mkl/lib/intel64/ -L/apps/eb/software/GCCcore/8.2.0/lib/gcc/x86_64-pc-linux-gnu/8.2.0/../../../ -L/lib64 -L/lib/ -L/usr/lib64 -L/usr/lib CMakeFiles/cmTC_b09bf.dir/CMakeCXXCompilerABI.cpp.o -Bdynamic -Bstatic -limf -lsvml -lirng -Bdynamic -lm -Bstatic -lipgo -ldecimal --as-needed -Bdynamic -lcilkrts -lstdc++ --no-as-needed -lgcc -lgcc_s -Bstatic -lirc -lsvml -Bdynamic -lc -lgcc -lgcc_s -Bstatic -lirc_s -Bdynamic -ldl -lc /apps/eb/software/GCCcore/8.2.0/lib/gcc/x86_64-pc-linux-gnu/8.2.0/crtend.o /lib/../lib64/crtn.o
gmake[1]: Leaving directory `/home/brianlien/Project/LULESH-MPI/build/CMakeFiles/CMakeTmp'



Parsed CXX implicit include dir info from above output: rv=done
  found start of include info
  found start of implicit include info
    add: [/apps/compilers/intel/2020/0.166/mkl/include]
    add: [/apps/compilers/intel/2020/0.166/tbb/include]
    add: [/apps/compilers/intel/2020/0.166/compilers_and_libraries_2020.0.166/linux/compiler/include/intel64]
    add: [/apps/compilers/intel/2020/0.166/compilers_and_libraries_2020.0.166/linux/compiler/include/icc]
    add: [/apps/compilers/intel/2020/0.166/compilers_and_libraries_2020.0.166/linux/compiler/include]
    add: [/apps/eb/software/GCCcore/8.2.0/include/c++/8.2.0]
    add: [/apps/eb/software/GCCcore/8.2.0/include/c++/8.2.0/x86_64-pc-linux-gnu]
    add: [/apps/eb/software/GCCcore/8.2.0/include/c++/8.2.0/backward]
    add: [/usr/local/include]
    add: [/apps/eb/software/GCCcore/8.2.0/lib/gcc/x86_64-pc-linux-gnu/8.2.0/include]
    add: [/apps/eb/software/GCCcore/8.2.0/lib/gcc/x86_64-pc-linux-gnu/8.2.0/include-fixed]
    add: [/apps/eb/software/GCCcore/8.2.0/include/]
    add: [/usr/include]
  end of search list found
  collapse include dir [/apps/compilers/intel/2020/0.166/mkl/include] ==> [/apps/compilers/intel/2020/0.166/mkl/include]
  collapse include dir [/apps/compilers/intel/2020/0.166/tbb/include] ==> [/apps/compilers/intel/2020/0.166/tbb/include]
  collapse include dir [/apps/compilers/intel/2020/0.166/compilers_and_libraries_2020.0.166/linux/compiler/include/intel64] ==> [/apps/compilers/intel/2020/0.166/compilers_and_libraries_2020.0.166/linux/compiler/include/intel64]
  collapse include dir [/apps/compilers/intel/2020/0.166/compilers_and_libraries_2020.0.166/linux/compiler/include/icc] ==> [/apps/compilers/intel/2020/0.166/compilers_and_libraries_2020.0.166/linux/compiler/include/icc]
  collapse include dir [/apps/compilers/intel/2020/0.166/compilers_and_libraries_2020.0.166/linux/compiler/include] ==> [/apps/compilers/intel/2020/0.166/compilers_and_libraries_2020.0.166/linux/compiler/include]
  collapse include dir [/apps/eb/software/GCCcore/8.2.0/include/c++/8.2.0] ==> [/apps/eb/software/GCCcore/8.2.0/include/c++/8.2.0]
  collapse include dir [/apps/eb/software/GCCcore/8.2.0/include/c++/8.2.0/x86_64-pc-linux-gnu] ==> [/apps/eb/software/GCCcore/8.2.0/include/c++/8.2.0/x86_64-pc-linux-gnu]
  collapse include dir [/apps/eb/software/GCCcore/8.2.0/include/c++/8.2.0/backward] ==> [/apps/eb/software/GCCcore/8.2.0/include/c++/8.2.0/backward]
  collapse include dir [/usr/local/include] ==> [/usr/local/include]
  collapse include dir [/apps/eb/software/GCCcore/8.2.0/lib/gcc/x86_64-pc-linux-gnu/8.2.0/include] ==> [/apps/eb/software/GCCcore/8.2.0/lib/gcc/x86_64-pc-linux-gnu/8.2.0/include]
  collapse include dir [/apps/eb/software/GCCcore/8.2.0/lib/gcc/x86_64-pc-linux-gnu/8.2.0/include-fixed] ==> [/apps/eb/software/GCCcore/8.2.0/lib/gcc/x86_64-pc-linux-gnu/8.2.0/include-fixed]
  collapse include dir [/apps/eb/software/GCCcore/8.2.0/include/] ==> [/apps/eb/software/GCCcore/8.2.0/include]
  collapse include dir [/usr/include] ==> [/usr/include]
  implicit include dirs: [/apps/compilers/intel/2020/0.166/mkl/include;/apps/compilers/intel/2020/0.166/tbb/include;/apps/compilers/intel/2020/0.166/compilers_and_libraries_2020.0.166/linux/compiler/include/intel64;/apps/compilers/intel/2020/0.166/compilers_and_libraries_2020.0.166/linux/compiler/include/icc;/apps/compilers/intel/2020/0.166/compilers_and_libraries_2020.0.166/linux/compiler/include;/apps/eb/software/GCCcore/8.2.0/include/c++/8.2.0;/apps/eb/software/GCCcore/8.2.0/include/c++/8.2.0/x86_64-pc-linux-gnu;/apps/eb/software/GCCcore/8.2.0/include/c++/8.2.0/backward;/usr/local/include;/apps/eb/software/GCCcore/8.2.0/lib/gcc/x86_64-pc-linux-gnu/8.2.0/include;/apps/eb/software/GCCcore/8.2.0/lib/gcc/x86_64-pc-linux-gnu/8.2.0/include-fixed;/apps/eb/software/GCCcore/8.2.0/include;/usr/include]


Parsed CXX implicit link information from above output:
  link line regex: [^( *|.*[/\])(ld|CMAKE_LINK_STARTFILE-NOTFOUND|([^/\]+-)?ld|collect2)[^/\]*( |$)]
  ignore line: [Change Dir: /home/brianlien/Project/LULESH-MPI/build/CMakeFiles/CMakeTmp]
  ignore line: []
  ignore line: [Run Build Command(s):/usr/bin/gmake -f Makefile cmTC_b09bf/fast && /usr/bin/gmake  -f CMakeFiles/cmTC_b09bf.dir/build.make CMakeFiles/cmTC_b09bf.dir/build]
  ignore line: [gmake[1]: Entering directory `/home/brianlien/Project/LULESH-MPI/build/CMakeFiles/CMakeTmp']
  ignore line: [Building CXX object CMakeFiles/cmTC_b09bf.dir/CMakeCXXCompilerABI.cpp.o]
  ignore line: [/apps/compilers/intel/2020/0.166/compilers_and_libraries/linux/bin/intel64/icc   -pg    -v -MD -MT CMakeFiles/cmTC_b09bf.dir/CMakeCXXCompilerABI.cpp.o -MF CMakeFiles/cmTC_b09bf.dir/CMakeCXXCompilerABI.cpp.o.d -o CMakeFiles/cmTC_b09bf.dir/CMakeCXXCompilerABI.cpp.o -c /apps/cmake/3.21.3/share/cmake-3.21/Modules/CMakeCXXCompilerABI.cpp]
  ignore line: [icc version 19.1.0.166 (gcc version 8.2.0 compatibility)]
  ignore line: [/apps/compilers/intel/2020/0.166/compilers_and_libraries_2020.0.166/linux/bin/intel64/mcpcom    --target_efi2 --lang=c++ -oCMakeFiles/cmTC_b09bf.dir/CMakeCXXCompilerABI.cpp.o -_g -mP3OPT_inline_alloca -D__ICC=1910 -D__INTEL_COMPILER=1910 -D__INTEL_COMPILER_UPDATE=0 -D__PTRDIFF_TYPE__=long "-D__SIZE_TYPE__=unsigned long" -D__WCHAR_TYPE__=int "-D__WINT_TYPE__=unsigned int" "-D__INTMAX_TYPE__=long int" "-D__UINTMAX_TYPE__=long unsigned int" -D__GLIBCXX_TYPE_INT_N_0=__int128 -D__GLIBCXX_BITSIZE_INT_N_0=128 -D__LONG_MAX__=9223372036854775807L -D__QMSPP_ -D__OPTIMIZE__ -D__NO_MATH_INLINES -D__NO_STRING_INLINES -D__GNUC_GNU_INLINE__ -D__GNUG__=8 -D__GNUC__=8 -D__GNUC_MINOR__=2 -D__GNUC_PATCHLEVEL__=0 -D__LP64__ -D_LP64 -D_GNU_SOURCE=1 -D__DEPRECATED=1 -D__GXX_WEAK__=1 -D__GXX_ABI_VERSION=1010 "-D__USER_LABEL_PREFIX__= " -D__REGISTER_PREFIX__= -D__INTEL_RTTI__ -D__EXCEPTIONS=1 -D__unix__ -D__unix -D__linux__ -D__linux -D__gnu_linux__ -B -Dunix -Dlinux "-_Asystem(unix)" -D__ELF__ -D__x86_64 -D__x86_64__ -D__amd64 -D__amd64__ "-_Acpu(x86_64)" "-_Amachine(x86_64)" -D__INTEL_COMPILER_BUILD_DATE=20191121 -D__INTEL_OFFLOAD -D__MMX__ -D__SSE__ -D__SSE_MATH__ -D__SSE2__ -D__SSE2_MATH__ -D__pentium4 -D__pentium4__ -D__tune_pentium4__ -_k -_8 -_l --has_new_stdarg_support -_a -_b --gnu_version=80200 -_W5 -p --bool -tused -x --openmp_simd --dependency_file_name CMakeFiles/cmTC_b09bf.dir/CMakeCXXCompilerABI.cpp.o.d --compile_dependencies --dependency_target_name CMakeFiles/cmTC_b09bf.dir/CMakeCXXCompilerABI.cpp.o --multibyte_chars -mGLOB_diag_suppress_sys --system_preinclude /usr/include/stdc-predef.h -I/apps/compilers/intel/2020/0.166/pstl/include -I/apps/compilers/intel/2020/0.166/mkl/include -I/apps/compilers/intel/2020/0.166/tbb/include --array_section --simd --simd_func --offload_mode=1 --offload_target_names=mic MIC --offload_unique_string=icc0421607795MjbUVb --bool -mGLOB_em64t=TRUE -mP1OPT_version=19.1-intel64 -mGLOB_diag_file=CMakeFiles/cmTC_b09bf.dir/CMakeCXXCompilerABI.cpp.diag -mGLOB_long_size_64 -mGLOB_routine_pointer_size_64 -mP1OPT_print_version=FALSE -mCG_use_gas_got_workaround=F -mP2OPT_align_option_used=TRUE -mGLOB_gcc_version=820 "-mGLOB_options_string=-pg -v -MD -MT CMakeFiles/cmTC_b09bf.dir/CMakeCXXCompilerABI.cpp.o -MF CMakeFiles/cmTC_b09bf.dir/CMakeCXXCompilerABI.cpp.o.d -o CMakeFiles/cmTC_b09bf.dir/CMakeCXXCompilerABI.cpp.o -c" -mGLOB_cxx_limited_range=FALSE -mCG_extend_parms=FALSE -mGLOB_compiler_bin_directory=/apps/compilers/intel/2020/0.166/compilers_and_libraries_2020.0.166/linux/bin/intel64 -mGLOB_as_output_backup_file_name=/tmp/iccyefqOsas_.s -mIPOPT_activate -mIPOPT_lite -mGLOB_uarch_tuning=0x0 -mGLOB_product_id_code=0x22006d93 -mCG_bnl_movbe=T -mP3OPT_use_mspp_call_convention -mP2OPT_subs_out_of_bound=FALSE -mP2OPT_disam_type_based_disam=2 -mP2OPT_disam_assume_ansi_c -mP2OPT_checked_disam_ansi_alias=TRUE -mGLOB_ansi_alias -mP3OPT_call_mcount -mPGOPTI_value_profile_use=T -mP2OPT_il0_array_sections=TRUE -mGLOB_offload_mode=1 -mP2OPT_offload_unique_var_string=icc0421607795MjbUVb -mP2OPT_hlo_level=2 -mP2OPT_hlo -mP2OPT_hpo_rtt_control=0 -mIPOPT_args_in_regs=0 -mP2OPT_disam_assume_nonstd_intent_in=FALSE -mGLOB_imf_mapping_library=/apps/compilers/intel/2020/0.166/compilers_and_libraries_2020.0.166/linux/bin/intel64/libiml_attr.so -mPGOPTI_gen_threadsafe_level=0 -mIPOPT_lto_object_enabled -mIPOPT_lto_object_value=1 -mIPOPT_obj_output_file_name=CMakeFiles/cmTC_b09bf.dir/CMakeCXXCompilerABI.cpp.o -mIPOPT_whole_archive_fixup_file_name=/tmp/iccwarchCTQOpj -mGLOB_linker_version=2.27 -mGLOB_linker=ld -mGLOB_driver_tempfile_name=/tmp/icctempfileU2wDIJ -mP3OPT_asm_target=P3OPT_ASM_TARGET_GAS -mGLOB_async_unwind_tables=TRUE -mGLOB_obj_output_file=CMakeFiles/cmTC_b09bf.dir/CMakeCXXCompilerABI.cpp.o -mGLOB_source_dialect=GLOB_SOURCE_DIALECT_C_PLUS_PLUS -mP1OPT_source_file_name=/apps/cmake/3.21.3/share/cmake-3.21/Modules/CMakeCXXCompilerABI.cpp -mP1OPT_full_source_file_name=/apps/cmake/3.21.3/share/cmake-3.21/Modules/CMakeCXXCompilerABI.cpp -mGLOB_eh_linux /apps/cmake/3.21.3/share/cmake-3.21/Modules/CMakeCXXCompilerABI.cpp]
  ignore line: [#include "..." search starts here:]
  ignore line: [#include <...> search starts here:]
  ignore line: [ /apps/compilers/intel/2020/0.166/mkl/include]
  ignore line: [ /apps/compilers/intel/2020/0.166/tbb/include]
  ignore line: [ /apps/compilers/intel/2020/0.166/compilers_and_libraries_2020.0.166/linux/compiler/include/intel64]
  ignore line: [ /apps/compilers/intel/2020/0.166/compilers_and_libraries_2020.0.166/linux/compiler/include/icc]
  ignore line: [ /apps/compilers/intel/2020/0.166/compilers_and_libraries_2020.0.166/linux/compiler/include]
  ignore line: [ /apps/eb/software/GCCcore/8.2.0/include/c++/8.2.0]
  ignore line: [ /apps/eb/software/GCCcore/8.2.0/include/c++/8.2.0/x86_64-pc-linux-gnu]
  ignore line: [ /apps/eb/software/GCCcore/8.2.0/include/c++/8.2.0/backward]
  ignore line: [ /usr/local/include]
  ignore line: [ /apps/eb/software/GCCcore/8.2.0/lib/gcc/x86_64-pc-linux-gnu/8.2.0/include]
  ignore line: [ /apps/eb/software/GCCcore/8.2.0/lib/gcc/x86_64-pc-linux-gnu/8.2.0/include-fixed]
  ignore line: [ /apps/eb/software/GCCcore/8.2.0/include/]
  ignore line: [ /usr/include]
  ignore line: [End of search list.]
  ignore line: [Linking CXX executable cmTC_b09bf]
  ignore line: [/apps/cmake/3.21.3/bin/cmake -E cmake_link_script CMakeFiles/cmTC_b09bf.dir/link.txt --verbose=1]
  ignore line: [/apps/compilers/intel/2020/0.166/compilers_and_libraries/linux/bin/intel64/icc -pg   -v -rdynamic CMakeFiles/cmTC_b09bf.dir/CMakeCXXCompilerABI.cpp.o -o cmTC_b09bf ]
  ignore line: [icc version 19.1.0.166 (gcc version 8.2.0 compatibility)]
  ignore line: [/apps/compilers/intel/2020/0.166/compilers_and_libraries_2020.0.166/linux/bin/intel64/mcpcom    -mGLOB_em64t=TRUE -mP1OPT_version=19.1-intel64 -mGLOB_diag_file=CMakeFiles/cmTC_b09bf.dir/CMakeCXXCompilerABI.cpp.diag -mGLOB_long_size_64 -mGLOB_routine_pointer_size_64 -mP1OPT_print_version=FALSE -mCG_use_gas_got_workaround=F -mP2OPT_align_option_used=TRUE -mGLOB_gcc_version=820 "-mGLOB_options_string=-pg -v -rdynamic -o cmTC_b09bf" -mGLOB_cxx_limited_range=FALSE -mCG_extend_parms=FALSE -mGLOB_compiler_bin_directory=/apps/compilers/intel/2020/0.166/compilers_and_libraries_2020.0.166/linux/bin/intel64 -mGLOB_as_output_backup_file_name=/tmp/iccCpAkhCas_.s -mGLOB_dashboard_use_source_name -mIPOPT_activate -mGLOB_product_id_code=0x22006d93 -mP3OPT_use_mspp_call_convention -mP2OPT_subs_out_of_bound=FALSE -mP2OPT_disam_type_based_disam=2 -mP2OPT_disam_assume_ansi_c -mP2OPT_checked_disam_ansi_alias=TRUE -mGLOB_ansi_alias -mP3OPT_call_mcount -mPGOPTI_value_profile_use=T -mGLOB_opt_report_use_source_name -mP2OPT_il0_array_sections=TRUE -mGLOB_offload_mode=1 -mP2OPT_offload_unique_var_string=icc0044529050VovoLl -mP2OPT_hlo -mP2OPT_hpo_rtt_control=0 -mIPOPT_args_in_regs=0 -mP2OPT_disam_assume_nonstd_intent_in=FALSE -mGLOB_imf_mapping_library=/apps/compilers/intel/2020/0.166/compilers_and_libraries_2020.0.166/linux/bin/intel64/libiml_attr.so -mPGOPTI_gen_threadsafe_level=0 -mIPOPT_link -mIPOPT_ipo_activate -mIPOPT_mo_activate -mIPOPT_source_files_list=/tmp/iccslisWnJNgL -mIPOPT_mo_global_data -mIPOPT_link_script_file=/tmp/iccscriptGs13Lb "-mIPOPT_cmdline_link="/lib/../lib64/gcrt1.o" "/lib/../lib64/crti.o" "/apps/eb/software/GCCcore/8.2.0/lib/gcc/x86_64-pc-linux-gnu/8.2.0/crtbegin.o" "-export-dynamic" "--eh-frame-hdr" "--build-id" "-dynamic-linker" "/lib64/ld-linux-x86-64.so.2" "-m" "elf_x86_64" "-o" "cmTC_b09bf" "-L/apps/compilers/intel/2020/0.166/compilers_and_libraries/linux/lib64" "-L/apps/compilers/intel/2020/0.166/compilers_and_libraries/linux/lib/intel64" "-L/apps/compilers/intel/2020/0.166/mkl/lib/intel64" "-L/apps/compilers/intel/2020/0.166/ipp/lib/intel64" "-L/apps/compilers/intel/2020/0.166/tbb/lib/intel64/gcc4.4" "-L/apps/compilers/intel/2020/0.166/compilers_and_libraries_2020.0.166/linux/compiler/lib/intel64_lin" "-L/apps/eb/software/GCCcore/8.2.0/lib/gcc/x86_64-pc-linux-gnu/8.2.0/" "-L/apps/eb/software/GCCcore/8.2.0/lib/gcc/x86_64-pc-linux-gnu/8.2.0/../../../../lib64" "-L/apps/eb/software/GCCcore/8.2.0/lib/gcc/x86_64-pc-linux-gnu/8.2.0/../../../../lib64/" "-L/lib/../lib64" "-L/lib/../lib64/" "-L/usr/lib/../lib64" "-L/usr/lib/../lib64/" "-L/apps/compilers/intel/2020/0.166/compilers_and_libraries/linux/lib64" "-L/apps/compilers/intel/2020/0.166/compilers_and_libraries/linux/lib64/" "-L/apps/compilers/intel/2020/0.166/compilers_and_libraries/linux/lib/intel64/" "-L/apps/compilers/intel/2020/0.166/mkl/lib/intel64/" "-L/apps/eb/software/GCCcore/8.2.0/lib/gcc/x86_64-pc-linux-gnu/8.2.0/../../../" "-L/lib64" "-L/lib/" "-L/usr/lib64" "-L/usr/lib" "CMakeFiles/cmTC_b09bf.dir/CMakeCXXCompilerABI.cpp.o" "-Bdynamic" "-Bstatic" "-limf" "-lsvml" "-lirng" "-Bdynamic" "-lm" "-Bstatic" "-lipgo" "-ldecimal" "--as-needed" "-Bdynamic" "-lcilkrts" "-lstdc++" "--no-as-needed" "-lgcc" "-lgcc_s" "-Bstatic" "-lirc" "-lsvml" "-Bdynamic" "-lc" "-lgcc" "-lgcc_s" "-Bstatic" "-lirc_s" "-Bdynamic" "-ldl" "-lc" "/apps/eb/software/GCCcore/8.2.0/lib/gcc/x86_64-pc-linux-gnu/8.2.0/crtend.o" "/lib/../lib64/crtn.o"" -mIPOPT_il_in_obj -mIPOPT_ipo_activate_warn=FALSE -mIPOPT_obj_output_file_name=/tmp/ipo_iccwGihfc.o -mIPOPT_whole_archive_fixup_file_name=/tmp/iccwarchmkdmit -mGLOB_linker_version=2.27 -mGLOB_linker=ld -mGLOB_driver_tempfile_name=/tmp/icctempfileTig7NT -mP3OPT_asm_target=P3OPT_ASM_TARGET_GAS -mGLOB_async_unwind_tables=TRUE -mGLOB_obj_output_file=/tmp/ipo_iccwGihfc.o -mGLOB_source_dialect=GLOB_SOURCE_DIALECT_NONE -mP1OPT_source_file_name=ipo_out.c CMakeFiles/cmTC_b09bf.dir/CMakeCXXCompilerABI.cpp.o -mIPOPT_object_files=T -mIPOPT_assembly_files=/tmp/iccalis8t9Lf3 -mIPOPT_generated_tempfiles=/tmp/iccelisjcR1Kt -mIPOPT_embedded_object_base_name=/tmp/icceobjlHFhgU -mIPOPT_cmdline_link_new_name=/tmp/iccllisafDxLk]
  link line: [ld    /lib/../lib64/gcrt1.o /lib/../lib64/crti.o /apps/eb/software/GCCcore/8.2.0/lib/gcc/x86_64-pc-linux-gnu/8.2.0/crtbegin.o -export-dynamic --eh-frame-hdr --build-id -dynamic-linker /lib64/ld-linux-x86-64.so.2 -m elf_x86_64 -o cmTC_b09bf -L/apps/compilers/intel/2020/0.166/compilers_and_libraries/linux/lib64 -L/apps/compilers/intel/2020/0.166/compilers_and_libraries/linux/lib/intel64 -L/apps/compilers/intel/2020/0.166/mkl/lib/intel64 -L/apps/compilers/intel/2020/0.166/ipp/lib/intel64 -L/apps/compilers/intel/2020/0.166/tbb/lib/intel64/gcc4.4 -L/apps/compilers/intel/2020/0.166/compilers_and_libraries_2020.0.166/linux/compiler/lib/intel64_lin -L/apps/eb/software/GCCcore/8.2.0/lib/gcc/x86_64-pc-linux-gnu/8.2.0/ -L/apps/eb/software/GCCcore/8.2.0/lib/gcc/x86_64-pc-linux-gnu/8.2.0/../../../../lib64 -L/apps/eb/software/GCCcore/8.2.0/lib/gcc/x86_64-pc-linux-gnu/8.2.0/../../../../lib64/ -L/lib/../lib64 -L/lib/../lib64/ -L/usr/lib/../lib64 -L/usr/lib/../lib64/ -L/apps/compilers/intel/2020/0.166/compilers_and_libraries/linux/lib64 -L/apps/compilers/intel/2020/0.166/compilers_and_libraries/linux/lib64/ -L/apps/compilers/intel/2020/0.166/compilers_and_libraries/linux/lib/intel64/ -L/apps/compilers/intel/2020/0.166/mkl/lib/intel64/ -L/apps/eb/software/GCCcore/8.2.0/lib/gcc/x86_64-pc-linux-gnu/8.2.0/../../../ -L/lib64 -L/lib/ -L/usr/lib64 -L/usr/lib CMakeFiles/cmTC_b09bf.dir/CMakeCXXCompilerABI.cpp.o -Bdynamic -Bstatic -limf -lsvml -lirng -Bdynamic -lm -Bstatic -lipgo -ldecimal --as-needed -Bdynamic -lcilkrts -lstdc++ --no-as-needed -lgcc -lgcc_s -Bstatic -lirc -lsvml -Bdynamic -lc -lgcc -lgcc_s -Bstatic -lirc_s -Bdynamic -ldl -lc /apps/eb/software/GCCcore/8.2.0/lib/gcc/x86_64-pc-linux-gnu/8.2.0/crtend.o /lib/../lib64/crtn.o]
    arg [ld] ==> ignore
    arg [/lib/../lib64/gcrt1.o] ==> obj [/lib/../lib64/gcrt1.o]
    arg [/lib/../lib64/crti.o] ==> obj [/lib/../lib64/crti.o]
    arg [/apps/eb/software/GCCcore/8.2.0/lib/gcc/x86_64-pc-linux-gnu/8.2.0/crtbegin.o] ==> obj [/apps/eb/software/GCCcore/8.2.0/lib/gcc/x86_64-pc-linux-gnu/8.2.0/crtbegin.o]
    arg [-export-dynamic] ==> ignore
    arg [--eh-frame-hdr] ==> ignore
    arg [--build-id] ==> ignore
    arg [-dynamic-linker] ==> ignore
    arg [/lib64/ld-linux-x86-64.so.2] ==> ignore
    arg [-m] ==> ignore
    arg [elf_x86_64] ==> ignore
    arg [-o] ==> ignore
    arg [cmTC_b09bf] ==> ignore
    arg [-L/apps/compilers/intel/2020/0.166/compilers_and_libraries/linux/lib64] ==> dir [/apps/compilers/intel/2020/0.166/compilers_and_libraries/linux/lib64]
    arg [-L/apps/compilers/intel/2020/0.166/compilers_and_libraries/linux/lib/intel64] ==> dir [/apps/compilers/intel/2020/0.166/compilers_and_libraries/linux/lib/intel64]
    arg [-L/apps/compilers/intel/2020/0.166/mkl/lib/intel64] ==> dir [/apps/compilers/intel/2020/0.166/mkl/lib/intel64]
    arg [-L/apps/compilers/intel/2020/0.166/ipp/lib/intel64] ==> dir [/apps/compilers/intel/2020/0.166/ipp/lib/intel64]
    arg [-L/apps/compilers/intel/2020/0.166/tbb/lib/intel64/gcc4.4] ==> dir [/apps/compilers/intel/2020/0.166/tbb/lib/intel64/gcc4.4]
    arg [-L/apps/compilers/intel/2020/0.166/compilers_and_libraries_2020.0.166/linux/compiler/lib/intel64_lin] ==> dir [/apps/compilers/intel/2020/0.166/compilers_and_libraries_2020.0.166/linux/compiler/lib/intel64_lin]
    arg [-L/apps/eb/software/GCCcore/8.2.0/lib/gcc/x86_64-pc-linux-gnu/8.2.0/] ==> dir [/apps/eb/software/GCCcore/8.2.0/lib/gcc/x86_64-pc-linux-gnu/8.2.0/]
    arg [-L/apps/eb/software/GCCcore/8.2.0/lib/gcc/x86_64-pc-linux-gnu/8.2.0/../../../../lib64] ==> dir [/apps/eb/software/GCCcore/8.2.0/lib/gcc/x86_64-pc-linux-gnu/8.2.0/../../../../lib64]
    arg [-L/apps/eb/software/GCCcore/8.2.0/lib/gcc/x86_64-pc-linux-gnu/8.2.0/../../../../lib64/] ==> dir [/apps/eb/software/GCCcore/8.2.0/lib/gcc/x86_64-pc-linux-gnu/8.2.0/../../../../lib64/]
    arg [-L/lib/../lib64] ==> dir [/lib/../lib64]
    arg [-L/lib/../lib64/] ==> dir [/lib/../lib64/]
    arg [-L/usr/lib/../lib64] ==> dir [/usr/lib/../lib64]
    arg [-L/usr/lib/../lib64/] ==> dir [/usr/lib/../lib64/]
    arg [-L/apps/compilers/intel/2020/0.166/compilers_and_libraries/linux/lib64] ==> dir [/apps/compilers/intel/2020/0.166/compilers_and_libraries/linux/lib64]
    arg [-L/apps/compilers/intel/2020/0.166/compilers_and_libraries/linux/lib64/] ==> dir [/apps/compilers/intel/2020/0.166/compilers_and_libraries/linux/lib64/]
    arg [-L/apps/compilers/intel/2020/0.166/compilers_and_libraries/linux/lib/intel64/] ==> dir [/apps/compilers/intel/2020/0.166/compilers_and_libraries/linux/lib/intel64/]
    arg [-L/apps/compilers/intel/2020/0.166/mkl/lib/intel64/] ==> dir [/apps/compilers/intel/2020/0.166/mkl/lib/intel64/]
    arg [-L/apps/eb/software/GCCcore/8.2.0/lib/gcc/x86_64-pc-linux-gnu/8.2.0/../../../] ==> dir [/apps/eb/software/GCCcore/8.2.0/lib/gcc/x86_64-pc-linux-gnu/8.2.0/../../../]
    arg [-L/lib64] ==> dir [/lib64]
    arg [-L/lib/] ==> dir [/lib/]
    arg [-L/usr/lib64] ==> dir [/usr/lib64]
    arg [-L/usr/lib] ==> dir [/usr/lib]
    arg [CMakeFiles/cmTC_b09bf.dir/CMakeCXXCompilerABI.cpp.o] ==> ignore
    arg [-Bdynamic] ==> search dynamic
    arg [-Bstatic] ==> search static
    arg [-limf] ==> lib [imf]
    arg [-lsvml] ==> lib [svml]
    arg [-lirng] ==> lib [irng]
    arg [-Bdynamic] ==> search dynamic
    arg [-lm] ==> lib [m]
    arg [-Bstatic] ==> search static
    arg [-lipgo] ==> lib [ipgo]
    arg [-ldecimal] ==> lib [decimal]
    arg [--as-needed] ==> ignore
    arg [-Bdynamic] ==> search dynamic
    arg [-lcilkrts] ==> lib [cilkrts]
    arg [-lstdc++] ==> lib [stdc++]
    arg [--no-as-needed] ==> ignore
    arg [-lgcc] ==> lib [gcc]
    arg [-lgcc_s] ==> lib [gcc_s]
    arg [-Bstatic] ==> search static
    arg [-lirc] ==> lib [irc]
    arg [-lsvml] ==> lib [svml]
    arg [-Bdynamic] ==> search dynamic
    arg [-lc] ==> lib [c]
    arg [-lgcc] ==> lib [gcc]
    arg [-lgcc_s] ==> lib [gcc_s]
    arg [-Bstatic] ==> search static
    arg [-lirc_s] ==> lib [irc_s]
    arg [-Bdynamic] ==> search dynamic
    arg [-ldl] ==> lib [dl]
    arg [-lc] ==> lib [c]
    arg [/apps/eb/software/GCCcore/8.2.0/lib/gcc/x86_64-pc-linux-gnu/8.2.0/crtend.o] ==> obj [/apps/eb/software/GCCcore/8.2.0/lib/gcc/x86_64-pc-linux-gnu/8.2.0/crtend.o]
    arg [/lib/../lib64/crtn.o] ==> obj [/lib/../lib64/crtn.o]
  collapse obj [/lib/../lib64/gcrt1.o] ==> [/lib64/gcrt1.o]
  collapse obj [/lib/../lib64/crti.o] ==> [/lib64/crti.o]
  collapse obj [/lib/../lib64/crtn.o] ==> [/lib64/crtn.o]
  collapse library dir [/apps/compilers/intel/2020/0.166/compilers_and_libraries/linux/lib64] ==> [/apps/compilers/intel/2020/0.166/compilers_and_libraries/linux/lib64]
  collapse library dir [/apps/compilers/intel/2020/0.166/compilers_and_libraries/linux/lib/intel64] ==> [/apps/compilers/intel/2020/0.166/compilers_and_libraries/linux/lib/intel64]
  collapse library dir [/apps/compilers/intel/2020/0.166/mkl/lib/intel64] ==> [/apps/compilers/intel/2020/0.166/mkl/lib/intel64]
  collapse library dir [/apps/compilers/intel/2020/0.166/ipp/lib/intel64] ==> [/apps/compilers/intel/2020/0.166/ipp/lib/intel64]
  collapse library dir [/apps/compilers/intel/2020/0.166/tbb/lib/intel64/gcc4.4] ==> [/apps/compilers/intel/2020/0.166/tbb/lib/intel64/gcc4.4]
  collapse library dir [/apps/compilers/intel/2020/0.166/compilers_and_libraries_2020.0.166/linux/compiler/lib/intel64_lin] ==> [/apps/compilers/intel/2020/0.166/compilers_and_libraries_2020.0.166/linux/compiler/lib/intel64_lin]
  collapse library dir [/apps/eb/software/GCCcore/8.2.0/lib/gcc/x86_64-pc-linux-gnu/8.2.0/] ==> [/apps/eb/software/GCCcore/8.2.0/lib/gcc/x86_64-pc-linux-gnu/8.2.0]
  collapse library dir [/apps/eb/software/GCCcore/8.2.0/lib/gcc/x86_64-pc-linux-gnu/8.2.0/../../../../lib64] ==> [/apps/eb/software/GCCcore/8.2.0/lib64]
  collapse library dir [/apps/eb/software/GCCcore/8.2.0/lib/gcc/x86_64-pc-linux-gnu/8.2.0/../../../../lib64/] ==> [/apps/eb/software/GCCcore/8.2.0/lib64]
  collapse library dir [/lib/../lib64] ==> [/lib64]
  collapse library dir [/lib/../lib64/] ==> [/lib64]
  collapse library dir [/usr/lib/../lib64] ==> [/usr/lib64]
  collapse library dir [/usr/lib/../lib64/] ==> [/usr/lib64]
  collapse library dir [/apps/compilers/intel/2020/0.166/compilers_and_libraries/linux/lib64] ==> [/apps/compilers/intel/2020/0.166/compilers_and_libraries/linux/lib64]
  collapse library dir [/apps/compilers/intel/2020/0.166/compilers_and_libraries/linux/lib64/] ==> [/apps/compilers/intel/2020/0.166/compilers_and_libraries/linux/lib64]
  collapse library dir [/apps/compilers/intel/2020/0.166/compilers_and_libraries/linux/lib/intel64/] ==> [/apps/compilers/intel/2020/0.166/compilers_and_libraries/linux/lib/intel64]
  collapse library dir [/apps/compilers/intel/2020/0.166/mkl/lib/intel64/] ==> [/apps/compilers/intel/2020/0.166/mkl/lib/intel64]
  collapse library dir [/apps/eb/software/GCCcore/8.2.0/lib/gcc/x86_64-pc-linux-gnu/8.2.0/../../../] ==> [/apps/eb/software/GCCcore/8.2.0/lib]
  collapse library dir [/lib64] ==> [/lib64]
  collapse library dir [/lib/] ==> [/lib]
  collapse library dir [/usr/lib64] ==> [/usr/lib64]
  collapse library dir [/usr/lib] ==> [/usr/lib]
  implicit libs: [imf;svml;irng;m;ipgo;decimal;cilkrts;stdc++;gcc;gcc_s;irc;svml;c;gcc;gcc_s;irc_s;dl;c]
  implicit objs: [/lib64/gcrt1.o;/lib64/crti.o;/apps/eb/software/GCCcore/8.2.0/lib/gcc/x86_64-pc-linux-gnu/8.2.0/crtbegin.o;/apps/eb/software/GCCcore/8.2.0/lib/gcc/x86_64-pc-linux-gnu/8.2.0/crtend.o;/lib64/crtn.o]
  implicit dirs: [/apps/compilers/intel/2020/0.166/compilers_and_libraries/linux/lib64;/apps/compilers/intel/2020/0.166/compilers_and_libraries/linux/lib/intel64;/apps/compilers/intel/2020/0.166/mkl/lib/intel64;/apps/compilers/intel/2020/0.166/ipp/lib/intel64;/apps/compilers/intel/2020/0.166/tbb/lib/intel64/gcc4.4;/apps/compilers/intel/2020/0.166/compilers_and_libraries_2020.0.166/linux/compiler/lib/intel64_lin;/apps/eb/software/GCCcore/8.2.0/lib/gcc/x86_64-pc-linux-gnu/8.2.0;/apps/eb/software/GCCcore/8.2.0/lib64;/lib64;/usr/lib64;/apps/eb/software/GCCcore/8.2.0/lib;/lib;/usr/lib]
  implicit fwks: []


